<?xml version="1.0" encoding="UTF-8"?>
<!-- Generated by org.testng.reporters.JUnitReportReporter -->
<testsuite hostname="TYSS-jeevan" failures="0" tests="1" name="generic.Base_class" time="14.967" errors="0" timestamp="2023-12-11T12:52:07 IST" skipped="0">
  <testcase classname="generic.Base_class" name="basic_script" time="14.967"/>
</testsuite> <!-- generic.Base_class -->
