<?xml version="1.0" encoding="UTF-8"?>
<!-- Generated by org.testng.reporters.JUnitReportReporter -->
<testsuite hostname="TYSS-jeevan" failures="0" tests="1" name="generic.tejas" time="0.709" errors="0" timestamp="2023-12-12T13:54:30 IST" skipped="0">
  <testcase classname="generic.tejas" name="tejs" time="0.709"/>
</testsuite> <!-- generic.tejas -->
