<?xml version="1.0" encoding="UTF-8"?>
<!-- Generated by org.testng.reporters.JUnitReportReporter -->
<testsuite hostname="TYSS-jeevan" failures="0" tests="1" name="GENERIC.utility_objects" time="87.145" errors="0" timestamp="2023-12-14T11:56:15 IST" skipped="0">
  <testcase classname="GENERIC.utility_objects" name="actions_object" time="87.145"/>
</testsuite> <!-- GENERIC.utility_objects -->
