<?xml version="1.0" encoding="UTF-8"?>
<!-- Generated by org.testng.reporters.JUnitReportReporter -->
<testsuite hostname="TYSS-jeevan" failures="0" tests="1" name="Business_logic.end_to_endScript" time="17.628" errors="0" timestamp="2023-12-19T16:05:48 IST" skipped="0">
  <testcase classname="Business_logic.end_to_endScript" name="login" time="17.628"/>
</testsuite> <!-- Business_logic.end_to_endScript -->
