<?xml version="1.0" encoding="UTF-8"?>
<!-- Generated by org.testng.reporters.JUnitReportReporter -->
<testsuite hostname="TYSS-jeevan" failures="0" tests="1" name="Rocking.Basic_Script" time="4.280" errors="0" timestamp="2023-12-08T17:04:05 IST" skipped="0">
  <testcase classname="Rocking.Basic_Script" name="launch_app" time="4.280"/>
</testsuite> <!-- Rocking.Basic_Script -->
